[2024-03-02 10:42:10,081:INFO:common:yaml file: E:\Wine-Quality\config\config.yaml loaded successfully]
[2024-03-02 10:43:47,583:INFO:common:yaml file: E:\Wine-Quality\config\config.yaml loaded successfully]
[2024-03-02 10:48:49,889:INFO:common:yaml file: E:\Wine-Quality\config\config.yaml loaded successfully]
[2024-03-02 10:50:23,332:INFO:common:yaml file: E:\Wine-Quality\config\config.yaml loaded successfully]
[2024-03-02 10:50:54,322:INFO:common:yaml file: E:\Wine-Quality\config\config.yaml loaded successfully]
[2024-03-02 10:50:54,336:INFO:common:yaml file: e:\wine-quality\params.yaml loaded successfully]
[2024-03-02 10:56:48,860:INFO:common:yaml file: e:\wine-quality\config\config.yaml loaded successfully]
[2024-03-02 10:56:48,864:INFO:common:yaml file: e:\wine-quality\params.yaml loaded successfully]
[2024-03-02 10:56:48,867:INFO:common:yaml file: e:\wine-quality\schema.yaml loaded successfully]
[2024-03-02 10:56:48,871:INFO:common:created directory at: artifacts]
[2024-03-02 10:58:18,122:INFO:common:yaml file: e:\wine-quality\config\config.yaml loaded successfully]
[2024-03-02 10:58:18,127:INFO:common:yaml file: e:\wine-quality\params.yaml loaded successfully]
[2024-03-02 10:58:18,129:INFO:common:yaml file: e:\wine-quality\schema.yaml loaded successfully]
[2024-03-02 10:58:18,131:INFO:common:created directory at: artifacts]
[2024-03-02 10:59:02,523:INFO:common:yaml file: e:\wine-quality\config\config.yaml loaded successfully]
[2024-03-02 10:59:02,526:INFO:common:yaml file: e:\wine-quality\params.yaml loaded successfully]
[2024-03-02 10:59:02,529:INFO:common:yaml file: e:\wine-quality\schema.yaml loaded successfully]
[2024-03-02 10:59:02,531:INFO:common:created directory at: artifacts]
[2024-03-02 11:02:49,641:INFO:common:yaml file: e:\wine-quality\config\config.yaml loaded successfully]
[2024-03-02 11:02:49,648:INFO:common:yaml file: e:\wine-quality\params.yaml loaded successfully]
[2024-03-02 11:02:49,651:INFO:common:yaml file: e:\wine-quality\schema.yaml loaded successfully]
[2024-03-02 11:02:49,653:INFO:common:created directory at: artifacts]
[2024-03-02 11:02:49,657:INFO:common:created directory at: artifacts/data_ingestion]
[2024-03-02 11:02:51,473:INFO:904361843:artifacts/data_ingestion/data.zip download with following info: 
Connection: close
Content-Length: 23329
Cache-Control: max-age=300
Content-Security-Policy: default-src 'none'; style-src 'unsafe-inline'; sandbox
Content-Type: application/zip
ETag: "c69888a4ae59bc5a893392785a938ccd4937981c06ba8a9d6a21aa52b4ab5b6e"
Strict-Transport-Security: max-age=31536000
X-Content-Type-Options: nosniff
X-Frame-Options: deny
X-XSS-Protection: 1; mode=block
X-GitHub-Request-Id: A596:0E7D:30E5A20:3333C3E:65E2F94B
Accept-Ranges: bytes
Date: Sat, 02 Mar 2024 10:02:52 GMT
Via: 1.1 varnish
X-Served-By: cache-mrs10576-MRS
X-Cache: MISS
X-Cache-Hits: 0
X-Timer: S1709373773.655269,VS0,VE181
Vary: Authorization,Accept-Encoding,Origin
Access-Control-Allow-Origin: *
Cross-Origin-Resource-Policy: cross-origin
X-Fastly-Request-ID: 9f1045bd4f9a6490cc9c3439a983ba2958bb6366
Expires: Sat, 02 Mar 2024 10:07:52 GMT
Source-Age: 0

]
[2024-03-02 12:18:46,930:INFO:common:yaml file: e:\wine-quality\config\config.yaml loaded successfully]
[2024-03-02 12:18:47,129:INFO:common:yaml file: e:\wine-quality\params.yaml loaded successfully]
[2024-03-02 12:18:47,134:INFO:common:yaml file: e:\wine-quality\schema.yaml loaded successfully]
[2024-03-02 12:18:47,138:INFO:common:created directory at: artifacts]
[2024-03-02 12:18:47,141:INFO:common:created directory at: artifacts/data_ingestion]
[2024-03-02 12:18:47,144:INFO:904361843:File already exist of size: ~ 23 KB]
[2024-03-02 12:19:26,910:INFO:common:yaml file: e:\wine-quality\config\config.yaml loaded successfully]
[2024-03-02 12:19:26,917:INFO:common:yaml file: e:\wine-quality\params.yaml loaded successfully]
[2024-03-02 12:19:26,922:INFO:common:yaml file: e:\wine-quality\schema.yaml loaded successfully]
[2024-03-02 12:19:26,928:INFO:common:created directory at: artifacts]
[2024-03-02 12:19:26,933:INFO:common:created directory at: artifacts/data_ingestion]
[2024-03-02 12:19:26,937:INFO:904361843:File already exist of size: ~ 23 KB]
[2024-03-02 14:01:33,655:INFO:common:yaml file: e:\wine-quality\config\config.yaml loaded successfully]
[2024-03-02 14:01:33,655:INFO:common:yaml file: e:\wine-quality\params.yaml loaded successfully]
[2024-03-02 14:01:33,655:INFO:common:yaml file: e:\wine-quality\schema.yaml loaded successfully]
[2024-03-02 14:01:33,655:INFO:common:created directory at: artifacts]
[2024-03-02 14:01:33,670:INFO:common:created directory at: artifacts/data_ingestion]
[2024-03-02 14:01:33,673:INFO:904361843:File already exist of size: ~ 23 KB]
[2024-03-02 14:04:31,015:INFO:common:yaml file: e:\wine-quality\config\config.yaml loaded successfully]
[2024-03-02 14:04:31,015:INFO:common:yaml file: e:\wine-quality\params.yaml loaded successfully]
[2024-03-02 14:04:31,015:INFO:common:yaml file: e:\wine-quality\schema.yaml loaded successfully]
[2024-03-02 14:04:31,015:INFO:common:created directory at: artifacts]
[2024-03-02 14:04:31,015:INFO:common:created directory at: artifacts/data_ingestion]
[2024-03-02 14:04:31,031:INFO:904361843:File already exist of size: ~ 23 KB]
[2024-03-02 14:06:15,290:INFO:common:yaml file: e:\wine-quality\config\config.yaml loaded successfully]
[2024-03-02 14:06:15,292:INFO:common:yaml file: e:\wine-quality\params.yaml loaded successfully]
[2024-03-02 14:06:15,294:INFO:common:yaml file: e:\wine-quality\schema.yaml loaded successfully]
[2024-03-02 14:06:15,296:INFO:common:created directory at: artifacts]
[2024-03-02 14:06:15,297:INFO:common:created directory at: artifacts/data_ingestion]
[2024-03-06 17:26:09,294:INFO:common:yaml file: e:\wine-quality\config\config.yaml loaded successfully]
[2024-03-06 17:26:09,343:INFO:common:yaml file: e:\wine-quality\params.yaml loaded successfully]
[2024-03-06 17:26:09,352:INFO:common:yaml file: e:\wine-quality\schema.yaml loaded successfully]
[2024-03-06 17:26:09,353:INFO:common:created directory at: artifacts]
[2024-03-06 17:26:09,355:INFO:common:created directory at: artifacts/data_ingestion]
[2024-03-06 17:26:09,357:INFO:904361843:File already exist of size: ~ 23 KB]
